<?xml version="1.0" encoding="UTF-8"?>
<!-- Generated by org.testng.reporters.JUnitReportReporter -->
<testsuite skipped="0" hostname="Dell-PC" name="testcases.TC002_EditLead" tests="2" failures="0" timestamp="30 Jul 2018 12:48:37 GMT" time="74.669" errors="0">
  <testcase name="EditLead" time="36.950" classname="testcases.TC002_EditLead"/>
  <testcase name="EditLead" time="37.719" classname="testcases.TC002_EditLead"/>
</testsuite> <!-- testcases.TC002_EditLead -->
