<?xml version="1.0" encoding="UTF-8"?>
<!-- Generated by org.testng.reporters.JUnitReportReporter -->
<testsuite skipped="0" hostname="DESKTOP-1S5QK6P" name="testcases.TC001_LogIn" tests="2" failures="0" timestamp="26 Jul 2018 05:33:23 GMT" time="22.527" errors="0">
  <testcase name="login" time="13.315" classname="testcases.TC001_LogIn"/>
  <testcase name="login" time="9.212" classname="testcases.TC001_LogIn"/>
</testsuite> <!-- testcases.TC001_LogIn -->
