<?xml version="1.0" encoding="UTF-8"?>
<!-- Generated by org.testng.reporters.JUnitReportReporter -->
<testsuite skipped="0" hostname="Dell-PC" name="testcases.TC002_CreateLead" tests="2" failures="0" timestamp="26 Jul 2018 08:09:54 GMT" time="98.990" errors="0">
  <testcase name="leadCreate" time="62.254" classname="testcases.TC002_CreateLead"/>
  <testcase name="leadCreate" time="36.736" classname="testcases.TC002_CreateLead"/>
</testsuite> <!-- testcases.TC002_CreateLead -->
