<?xml version="1.0" encoding="UTF-8"?>
<!-- Generated by org.testng.reporters.JUnitReportReporter -->
<testsuite skipped="0" hostname="Dell-PC" name="testcases.TC004_MergeLead" tests="2" failures="0" timestamp="30 Jul 2018 12:39:09 GMT" time="77.613" errors="0">
  <testcase name="mergeLead" time="38.204" classname="testcases.TC004_MergeLead"/>
  <testcase name="mergeLead" time="39.409" classname="testcases.TC004_MergeLead"/>
</testsuite> <!-- testcases.TC004_MergeLead -->
