<?xml version="1.0" encoding="UTF-8"?>
<!-- Generated by org.testng.reporters.JUnitReportReporter -->
<testsuite skipped="0" hostname="Dell-PC" name="testcases.TC003_DeleteLead" tests="2" failures="0" timestamp="30 Jul 2018 04:50:29 GMT" time="83.414" errors="0">
  <testcase name="deleteLead" time="40.779" classname="testcases.TC003_DeleteLead"/>
  <testcase name="deleteLead" time="42.635" classname="testcases.TC003_DeleteLead"/>
</testsuite> <!-- testcases.TC003_DeleteLead -->
