<?xml version="1.0" encoding="UTF-8"?>
<!-- Generated by org.testng.reporters.JUnitReportReporter -->
<testsuite skipped="0" hostname="Dell-PC" name="testcases.TC005_DuplicateLead" tests="2" failures="0" timestamp="30 Jul 2018 05:03:12 GMT" time="256.520" errors="0">
  <testcase name="duplicateLead" time="75.286" classname="testcases.TC005_DuplicateLead"/>
  <testcase name="duplicateLead" time="181.234" classname="testcases.TC005_DuplicateLead"/>
</testsuite> <!-- testcases.TC005_DuplicateLead -->
